<?xml version="1.0" encoding="UTF-8"?>
<!-- Generated by org.testng.reporters.JUnitReportReporter -->
<testsuite hostname="alkas-Laptop.local" failures="0" tests="1" name="pPack.RegisterTest" time="24.378" errors="0" timestamp="2024-04-28T22:12:04 CEST" skipped="0">
  <testcase classname="pPack.RegisterTest" name="sampleTest" time="24.378"/>
  <system-out/>
</testsuite> <!-- pPack.RegisterTest -->
