<?xml version="1.0" encoding="UTF-8"?>
<!-- Generated by org.testng.reporters.JUnitReportReporter -->
<testsuite hostname="alkas-Laptop.local" failures="0" tests="1" name="pPack.LoginTest" time="7.370" errors="0" timestamp="2024-04-28T21:34:06 CEST" skipped="0">
  <testcase classname="pPack.LoginTest" name="sampleTest" time="7.370"/>
  <system-out/>
</testsuite> <!-- pPack.LoginTest -->
