<?xml version="1.0" encoding="UTF-8"?>
<!-- Generated by org.testng.reporters.JUnitReportReporter -->
<testsuite hostname="alkas-Laptop.local" failures="0" tests="1" name="pPack.LoginTest" time="6.479" errors="0" timestamp="2024-04-30T09:25:20 CEST" skipped="0">
  <testcase classname="pPack.LoginTest" name="sampleTest" time="6.479"/>
</testsuite> <!-- pPack.LoginTest -->
