<?xml version="1.0" encoding="UTF-8"?>
<!-- Generated by org.testng.reporters.JUnitReportReporter -->
<testsuite hostname="alkas-Laptop.local" failures="0" tests="1" name="pPack.RegisterTest" time="8.169" errors="0" timestamp="2024-04-29T20:06:10 CEST" skipped="0">
  <testcase classname="pPack.RegisterTest" name="sampleTest" time="8.169"/>
</testsuite> <!-- pPack.RegisterTest -->
